# JRE version: OpenJDK Runtime Environment (7.0_79-b14) (build 1.7.0_79-b14)
# Java VM: OpenJDK Server VM (24.79-b02 mixed mode, sharing linux-x86 )
Heap
 def new generation   total 8320K, used 3987K [0x4ac00000, 0x4b500000, 0x5f950000)
  eden space 7424K,  44% used [0x4ac00000, 0x4af32040, 0x4b340000)
  from space 896K,  79% used [0x4b420000, 0x4b4d2c00, 0x4b500000)
  to   space 896K,   0% used [0x4b340000, 0x4b340000, 0x4b420000)
 tenured generation   total 18116K, used 16962K [0x5f950000, 0x60b01000, 0x89400000)
   the space 18116K,  93% used [0x5f950000, 0x609e0800, 0x609e0800, 0x60b01000)
 compacting perm gen  total 20480K, used 20336K [0x89400000, 0x8a800000, 0x91400000)
   the space 20480K,  99% used [0x89400000, 0x8a7dc290, 0x8a7dc400, 0x8a800000)
    ro space 10240K,  58% used [0x91400000, 0x919e1330, 0x919e1400, 0x91e00000)
    rw space 12288K,  63% used [0x91e00000, 0x92594100, 0x92594200, 0x92a00000)
GC Heap History (10 events):
Event: 7278.440 GC heap before
{Heap before GC invocations=1268 (full 9):
 def new generation   total 8320K, used 7852K [0x4ac00000, 0x4b500000, 0x5f950000)
  eden space 7424K, 100% used [0x4ac00000, 0x4b340000, 0x4b340000)
  from space 896K,  47% used [0x4b340000, 0x4b3ab2a8, 0x4b420000)
  to   space 896K,   0% used [0x4b420000, 0x4b420000, 0x4b500000)
 tenured generation   total 18116K, used 15313K [0x5f950000, 0x60b01000, 0x89400000)
   the space 18116K,  84% used [0x5f950000, 0x60844768, 0x60844800, 0x60b01000)
 compacting perm gen  total 20480K, used 20335K [0x89400000, 0x8a800000, 0x91400000)
   the space 20480K,  99% used [0x89400000, 0x8a7dbe30, 0x8a7dc000, 0x8a800000)
    ro space 10240K,  58% used [0x91400000, 0x919e1330, 0x919e1400, 0x91e00000)
    rw space 12288K,  63% used [0x91e00000, 0x92594100, 0x92594200, 0x92a00000)
Event: 7278.824 GC heap after
Heap after GC invocations=1269 (full 9):
 def new generation   total 8320K, used 626K [0x4ac00000, 0x4b500000, 0x5f950000)
  eden space 7424K,   0% used [0x4ac00000, 0x4ac00000, 0x4b340000)
  from space 896K,  69% used [0x4b420000, 0x4b4bc838, 0x4b500000)
  to   space 896K,   0% used [0x4b340000, 0x4b340000, 0x4b420000)
 tenured generation   total 18116K, used 15313K [0x5f950000, 0x60b01000, 0x89400000)
   the space 18116K,  84% used [0x5f950000, 0x60844768, 0x60844800, 0x60b01000)
 compacting perm gen  total 20480K, used 20335K [0x89400000, 0x8a800000, 0x91400000)
   the space 20480K,  99% used [0x89400000, 0x8a7dbe30, 0x8a7dc000, 0x8a800000)
    ro space 10240K,  58% used [0x91400000, 0x919e1330, 0x919e1400, 0x91e00000)
    rw space 12288K,  63% used [0x91e00000, 0x92594100, 0x92594200, 0x92a00000)
}
Event: 7280.040 GC heap before
{Heap before GC invocations=1269 (full 9):
 def new generation   total 8320K, used 8050K [0x4ac00000, 0x4b500000, 0x5f950000)
  eden space 7424K, 100% used [0x4ac00000, 0x4b340000, 0x4b340000)
  from space 896K,  69% used [0x4b420000, 0x4b4bc838, 0x4b500000)
  to   space 896K,   0% used [0x4b340000, 0x4b340000, 0x4b420000)
 tenured generation   total 18116K, used 15313K [0x5f950000, 0x60b01000, 0x89400000)
   the space 18116K,  84% used [0x5f950000, 0x60844768, 0x60844800, 0x60b01000)
 compacting perm gen  total 20480K, used 20336K [0x89400000, 0x8a800000, 0x91400000)
   the space 20480K,  99% used [0x89400000, 0x8a7dc110, 0x8a7dc200, 0x8a800000)
    ro space 10240K,  58% used [0x91400000, 0x919e1330, 0x919e1400, 0x91e00000)
    rw space 12288K,  63% used [0x91e00000, 0x92594100, 0x92594200, 0x92a00000)
Event: 7280.441 GC heap after
Heap after GC invocations=1270 (full 9):
 def new generation   total 8320K, used 896K [0x4ac00000, 0x4b500000, 0x5f950000)
  eden space 7424K,   0% used [0x4ac00000, 0x4ac00000, 0x4b340000)
  from space 896K, 100% used [0x4b340000, 0x4b420000, 0x4b420000)
  to   space 896K,   0% used [0x4b420000, 0x4b420000, 0x4b500000)
 tenured generation   total 18116K, used 15763K [0x5f950000, 0x60b01000, 0x89400000)
   the space 18116K,  87% used [0x5f950000, 0x608b4f70, 0x608b5000, 0x60b01000)
 compacting perm gen  total 20480K, used 20336K [0x89400000, 0x8a800000, 0x91400000)
   the space 20480K,  99% used [0x89400000, 0x8a7dc110, 0x8a7dc200, 0x8a800000)
    ro space 10240K,  58% used [0x91400000, 0x919e1330, 0x919e1400, 0x91e00000)
    rw space 12288K,  63% used [0x91e00000, 0x92594100, 0x92594200, 0x92a00000)
}
Event: 7281.132 GC heap before
{Heap before GC invocations=1270 (full 9):
 def new generation   total 8320K, used 8320K [0x4ac00000, 0x4b500000, 0x5f950000)
  eden space 7424K, 100% used [0x4ac00000, 0x4b340000, 0x4b340000)
  from space 896K, 100% used [0x4b340000, 0x4b420000, 0x4b420000)
  to   space 896K,   0% used [0x4b420000, 0x4b420000, 0x4b500000)
 tenured generation   total 18116K, used 15763K [0x5f950000, 0x60b01000, 0x89400000)
   the space 18116K,  87% used [0x5f950000, 0x608b4f70, 0x608b5000, 0x60b01000)
 compacting perm gen  total 20480K, used 20336K [0x89400000, 0x8a800000, 0x91400000)
   the space 20480K,  99% used [0x89400000, 0x8a7dc110, 0x8a7dc200, 0x8a800000)
    ro space 10240K,  58% used [0x91400000, 0x919e1330, 0x919e1400, 0x91e00000)
    rw space 12288K,  63% used [0x91e00000, 0x92594100, 0x92594200, 0x92a00000)
Event: 7281.467 GC heap after
Heap after GC invocations=1271 (full 9):
 def new generation   total 8320K, used 856K [0x4ac00000, 0x4b500000, 0x5f950000)
  eden space 7424K,   0% used [0x4ac00000, 0x4ac00000, 0x4b340000)
  from space 896K,  95% used [0x4b420000, 0x4b4f60b0, 0x4b500000)
  to   space 896K,   0% used [0x4b340000, 0x4b340000, 0x4b420000)
 tenured generation   total 18116K, used 16533K [0x5f950000, 0x60b01000, 0x89400000)
   the space 18116K,  91% used [0x5f950000, 0x60975468, 0x60975600, 0x60b01000)
 compacting perm gen  total 20480K, used 20336K [0x89400000, 0x8a800000, 0x91400000)
   the space 20480K,  99% used [0x89400000, 0x8a7dc110, 0x8a7dc200, 0x8a800000)
    ro space 10240K,  58% used [0x91400000, 0x919e1330, 0x919e1400, 0x91e00000)
    rw space 12288K,  63% used [0x91e00000, 0x92594100, 0x92594200, 0x92a00000)
}
Event: 7282.578 GC heap before
{Heap before GC invocations=1271 (full 9):
 def new generation   total 8320K, used 8280K [0x4ac00000, 0x4b500000, 0x5f950000)
  eden space 7424K, 100% used [0x4ac00000, 0x4b340000, 0x4b340000)
  from space 896K,  95% used [0x4b420000, 0x4b4f60b0, 0x4b500000)
  to   space 896K,   0% used [0x4b340000, 0x4b340000, 0x4b420000)
 tenured generation   total 18116K, used 16533K [0x5f950000, 0x60b01000, 0x89400000)
   the space 18116K,  91% used [0x5f950000, 0x60975468, 0x60975600, 0x60b01000)
 compacting perm gen  total 20480K, used 20336K [0x89400000, 0x8a800000, 0x91400000)
   the space 20480K,  99% used [0x89400000, 0x8a7dc1f0, 0x8a7dc200, 0x8a800000)
    ro space 10240K,  58% used [0x91400000, 0x919e1330, 0x919e1400, 0x91e00000)
    rw space 12288K,  63% used [0x91e00000, 0x92594100, 0x92594200, 0x92a00000)
Event: 7282.789 GC heap after
Heap after GC invocations=1272 (full 9):
 def new generation   total 8320K, used 347K [0x4ac00000, 0x4b500000, 0x5f950000)
  eden space 7424K,   0% used [0x4ac00000, 0x4ac00000, 0x4b340000)
  from space 896K,  38% used [0x4b340000, 0x4b396f20, 0x4b420000)
  to   space 896K,   0% used [0x4b420000, 0x4b420000, 0x4b500000)
 tenured generation   total 18116K, used 16962K [0x5f950000, 0x60b01000, 0x89400000)
   the space 18116K,  93% used [0x5f950000, 0x609e0800, 0x609e0800, 0x60b01000)
 compacting perm gen  total 20480K, used 20336K [0x89400000, 0x8a800000, 0x91400000)
   the space 20480K,  99% used [0x89400000, 0x8a7dc1f0, 0x8a7dc200, 0x8a800000)
    ro space 10240K,  58% used [0x91400000, 0x919e1330, 0x919e1400, 0x91e00000)
    rw space 12288K,  63% used [0x91e00000, 0x92594100, 0x92594200, 0x92a00000)
}
Event: 7284.067 GC heap before
{Heap before GC invocations=1272 (full 9):
 def new generation   total 8320K, used 7769K [0x4ac00000, 0x4b500000, 0x5f950000)
  eden space 7424K,  99% used [0x4ac00000, 0x4b33f5d8, 0x4b340000)
  from space 896K,  38% used [0x4b340000, 0x4b396f20, 0x4b420000)
  to   space 896K,   0% used [0x4b420000, 0x4b420000, 0x4b500000)
 tenured generation   total 18116K, used 16962K [0x5f950000, 0x60b01000, 0x89400000)
   the space 18116K,  93% used [0x5f950000, 0x609e0800, 0x609e0800, 0x60b01000)
 compacting perm gen  total 20480K, used 20336K [0x89400000, 0x8a800000, 0x91400000)
   the space 20480K,  99% used [0x89400000, 0x8a7dc1f0, 0x8a7dc200, 0x8a800000)
    ro space 10240K,  58% used [0x91400000, 0x919e1330, 0x919e1400, 0x91e00000)
    rw space 12288K,  63% used [0x91e00000, 0x92594100, 0x92594200, 0x92a00000)
Event: 7284.359 GC heap after
Heap after GC invocations=1273 (full 9):
 def new generation   total 8320K, used 715K [0x4ac00000, 0x4b500000, 0x5f950000)
  eden space 7424K,   0% used [0x4ac00000, 0x4ac00000, 0x4b340000)
  from space 896K,  79% used [0x4b420000, 0x4b4d2c00, 0x4b500000)
  to   space 896K,   0% used [0x4b340000, 0x4b340000, 0x4b420000)
 tenured generation   total 18116K, used 16962K [0x5f950000, 0x60b01000, 0x89400000)
   the space 18116K,  93% used [0x5f950000, 0x609e0800, 0x609e0800, 0x60b01000)
 compacting perm gen  total 20480K, used 20336K [0x89400000, 0x8a800000, 0x91400000)
   the space 20480K,  99% used [0x89400000, 0x8a7dc1f0, 0x8a7dc200, 0x8a800000)
    ro space 10240K,  58% used [0x91400000, 0x919e1330, 0x919e1400, 0x91e00000)
    rw space 12288K,  63% used [0x91e00000, 0x92594100, 0x92594200, 0x92a00000)
}

