# JRE version: OpenJDK Runtime Environment (7.0_79-b14) (build 1.7.0_79-b14)
# Java VM: OpenJDK Client VM (24.79-b02 mixed mode, sharing linux-x86 )
Heap
 def new generation   total 15552K, used 115K [0x50000000, 0x510e0000, 0x64d50000)
  eden space 13824K,   0% used [0x50000000, 0x5001cd40, 0x50d80000)
  from space 1728K,   0% used [0x50f30000, 0x50f30000, 0x510e0000)
  to   space 1728K,   0% used [0x50d80000, 0x50d80000, 0x50f30000)
 tenured generation   total 35052K, used 35050K [0x64d50000, 0x66f8b000, 0x8e800000)
   the space 35052K,  99% used [0x64d50000, 0x66f8a820, 0x66f8aa00, 0x66f8b000)
 compacting perm gen  total 15872K, used 15764K [0x8e800000, 0x8f780000, 0x92800000)
   the space 15872K,  99% used [0x8e800000, 0x8f7651a0, 0x8f765200, 0x8f780000)
    ro space 10240K,  58% used [0x92800000, 0x92de1330, 0x92de1400, 0x93200000)
    rw space 12288K,  59% used [0x93200000, 0x93916340, 0x93916400, 0x93e00000)
GC Heap History (10 events):
Event: 1.930 GC heap after
Heap after GC invocations=33 (full 2):
 def new generation   total 15552K, used 1035K [0x50000000, 0x510e0000, 0x64d50000)
  eden space 13824K,   0% used [0x50000000, 0x50000000, 0x50d80000)
  from space 1728K,  59% used [0x50d80000, 0x50e82f30, 0x50f30000)
  to   space 1728K,   0% used [0x50f30000, 0x50f30000, 0x510e0000)
 tenured generation   total 34540K, used 33292K [0x64d50000, 0x66f0b000, 0x8e800000)
   the space 34540K,  96% used [0x64d50000, 0x66dd3038, 0x66dd3200, 0x66f0b000)
 compacting perm gen  total 12288K, used 11486K [0x8e800000, 0x8f400000, 0x92800000)
   the space 12288K,  93% used [0x8e800000, 0x8f3378f8, 0x8f337a00, 0x8f400000)
    ro space 10240K,  58% used [0x92800000, 0x92de1330, 0x92de1400, 0x93200000)
    rw space 12288K,  59% used [0x93200000, 0x93916340, 0x93916400, 0x93e00000)
}
Event: 2.032 GC heap before
{Heap before GC invocations=33 (full 2):
 def new generation   total 15552K, used 14859K [0x50000000, 0x510e0000, 0x64d50000)
  eden space 13824K, 100% used [0x50000000, 0x50d80000, 0x50d80000)
  from space 1728K,  59% used [0x50d80000, 0x50e82f30, 0x50f30000)
  to   space 1728K,   0% used [0x50f30000, 0x50f30000, 0x510e0000)
 tenured generation   total 34540K, used 33292K [0x64d50000, 0x66f0b000, 0x8e800000)
   the space 34540K,  96% used [0x64d50000, 0x66dd3038, 0x66dd3200, 0x66f0b000)
 compacting perm gen  total 12288K, used 12284K [0x8e800000, 0x8f400000, 0x92800000)
   the space 12288K,  99% used [0x8e800000, 0x8f3ff290, 0x8f3ff400, 0x8f400000)
    ro space 10240K,  58% used [0x92800000, 0x92de1330, 0x92de1400, 0x93200000)
    rw space 12288K,  59% used [0x93200000, 0x93916340, 0x93916400, 0x93e00000)
Event: 2.037 GC heap after
Heap after GC invocations=34 (full 2):
 def new generation   total 15552K, used 1511K [0x50000000, 0x510e0000, 0x64d50000)
  eden space 13824K,   0% used [0x50000000, 0x50000000, 0x50d80000)
  from space 1728K,  87% used [0x50f30000, 0x510a9ec8, 0x510e0000)
  to   space 1728K,   0% used [0x50d80000, 0x50d80000, 0x50f30000)
 tenured generation   total 34540K, used 33350K [0x64d50000, 0x66f0b000, 0x8e800000)
   the space 34540K,  96% used [0x64d50000, 0x66de1bf0, 0x66de1c00, 0x66f0b000)
 compacting perm gen  total 12288K, used 12284K [0x8e800000, 0x8f400000, 0x92800000)
   the space 12288K,  99% used [0x8e800000, 0x8f3ff290, 0x8f3ff400, 0x8f400000)
    ro space 10240K,  58% used [0x92800000, 0x92de1330, 0x92de1400, 0x93200000)
    rw space 12288K,  59% used [0x93200000, 0x93916340, 0x93916400, 0x93e00000)
}
Event: 2.278 GC heap before
{Heap before GC invocations=34 (full 2):
 def new generation   total 15552K, used 15335K [0x50000000, 0x510e0000, 0x64d50000)
  eden space 13824K, 100% used [0x50000000, 0x50d80000, 0x50d80000)
  from space 1728K,  87% used [0x50f30000, 0x510a9ec8, 0x510e0000)
  to   space 1728K,   0% used [0x50d80000, 0x50d80000, 0x50f30000)
 tenured generation   total 34540K, used 33350K [0x64d50000, 0x66f0b000, 0x8e800000)
   the space 34540K,  96% used [0x64d50000, 0x66de1bf0, 0x66de1c00, 0x66f0b000)
 compacting perm gen  total 13568K, used 13383K [0x8e800000, 0x8f540000, 0x92800000)
   the space 13568K,  98% used [0x8e800000, 0x8f511fe8, 0x8f512000, 0x8f540000)
    ro space 10240K,  58% used [0x92800000, 0x92de1330, 0x92de1400, 0x93200000)
    rw space 12288K,  59% used [0x93200000, 0x93916340, 0x93916400, 0x93e00000)
Event: 2.283 GC heap after
Heap after GC invocations=35 (full 2):
 def new generation   total 15552K, used 1581K [0x50000000, 0x510e0000, 0x64d50000)
  eden space 13824K,   0% used [0x50000000, 0x50000000, 0x50d80000)
  from space 1728K,  91% used [0x50d80000, 0x50f0b700, 0x50f30000)
  to   space 1728K,   0% used [0x50f30000, 0x50f30000, 0x510e0000)
 tenured generation   total 34540K, used 33936K [0x64d50000, 0x66f0b000, 0x8e800000)
   the space 34540K,  98% used [0x64d50000, 0x66e742e8, 0x66e74400, 0x66f0b000)
 compacting perm gen  total 13568K, used 13383K [0x8e800000, 0x8f540000, 0x92800000)
   the space 13568K,  98% used [0x8e800000, 0x8f511fe8, 0x8f512000, 0x8f540000)
    ro space 10240K,  58% used [0x92800000, 0x92de1330, 0x92de1400, 0x93200000)
    rw space 12288K,  59% used [0x93200000, 0x93916340, 0x93916400, 0x93e00000)
}
Event: 3.188 GC heap before
{Heap before GC invocations=35 (full 2):
 def new generation   total 15552K, used 15405K [0x50000000, 0x510e0000, 0x64d50000)
  eden space 13824K, 100% used [0x50000000, 0x50d80000, 0x50d80000)
  from space 1728K,  91% used [0x50d80000, 0x50f0b700, 0x50f30000)
  to   space 1728K,   0% used [0x50f30000, 0x50f30000, 0x510e0000)
 tenured generation   total 34540K, used 33936K [0x64d50000, 0x66f0b000, 0x8e800000)
   the space 34540K,  98% used [0x64d50000, 0x66e742e8, 0x66e74400, 0x66f0b000)
 compacting perm gen  total 14336K, used 14282K [0x8e800000, 0x8f600000, 0x92800000)
   the space 14336K,  99% used [0x8e800000, 0x8f5f29e0, 0x8f5f2a00, 0x8f600000)
    ro space 10240K,  58% used [0x92800000, 0x92de1330, 0x92de1400, 0x93200000)
    rw space 12288K,  59% used [0x93200000, 0x93916340, 0x93916400, 0x93e00000)
Event: 3.194 GC heap after
Heap after GC invocations=36 (full 2):
 def new generation   total 15552K, used 1232K [0x50000000, 0x510e0000, 0x64d50000)
  eden space 13824K,   0% used [0x50000000, 0x50000000, 0x50d80000)
  from space 1728K,  71% used [0x50f30000, 0x51064360, 0x510e0000)
  to   space 1728K,   0% used [0x50d80000, 0x50d80000, 0x50f30000)
 tenured generation   total 34540K, used 34278K [0x64d50000, 0x66f0b000, 0x8e800000)
   the space 34540K,  99% used [0x64d50000, 0x66ec9818, 0x66ec9a00, 0x66f0b000)
 compacting perm gen  total 14336K, used 14282K [0x8e800000, 0x8f600000, 0x92800000)
   the space 14336K,  99% used [0x8e800000, 0x8f5f29e0, 0x8f5f2a00, 0x8f600000)
    ro space 10240K,  58% used [0x92800000, 0x92de1330, 0x92de1400, 0x93200000)
    rw space 12288K,  59% used [0x93200000, 0x93916340, 0x93916400, 0x93e00000)
}
Event: 99.301 GC heap before
{Heap before GC invocations=36 (full 2):
 def new generation   total 15552K, used 15056K [0x50000000, 0x510e0000, 0x64d50000)
  eden space 13824K, 100% used [0x50000000, 0x50d80000, 0x50d80000)
  from space 1728K,  71% used [0x50f30000, 0x51064360, 0x510e0000)
  to   space 1728K,   0% used [0x50d80000, 0x50d80000, 0x50f30000)
 tenured generation   total 34540K, used 34278K [0x64d50000, 0x66f0b000, 0x8e800000)
   the space 34540K,  99% used [0x64d50000, 0x66ec9818, 0x66ec9a00, 0x66f0b000)
 compacting perm gen  total 15360K, used 15137K [0x8e800000, 0x8f700000, 0x92800000)
   the space 15360K,  98% used [0x8e800000, 0x8f6c87a8, 0x8f6c8800, 0x8f700000)
    ro space 10240K,  58% used [0x92800000, 0x92de1330, 0x92de1400, 0x93200000)
    rw space 12288K,  59% used [0x93200000, 0x93916340, 0x93916400, 0x93e00000)
Event: 99.305 GC heap after
Heap after GC invocations=37 (full 2):
 def new generation   total 15552K, used 1415K [0x50000000, 0x510e0000, 0x64d50000)
  eden space 13824K,   0% used [0x50000000, 0x50000000, 0x50d80000)
  from space 1728K,  81% used [0x50d80000, 0x50ee1f40, 0x50f30000)
  to   space 1728K,   0% used [0x50f30000, 0x50f30000, 0x510e0000)
 tenured generation   total 34540K, used 34456K [0x64d50000, 0x66f0b000, 0x8e800000)
   the space 34540K,  99% used [0x64d50000, 0x66ef6208, 0x66ef6400, 0x66f0b000)
 compacting perm gen  total 15360K, used 15137K [0x8e800000, 0x8f700000, 0x92800000)
   the space 15360K,  98% used [0x8e800000, 0x8f6c87a8, 0x8f6c8800, 0x8f700000)
    ro space 10240K,  58% used [0x92800000, 0x92de1330, 0x92de1400, 0x93200000)
    rw space 12288K,  59% used [0x93200000, 0x93916340, 0x93916400, 0x93e00000)
}
Event: 193.529 GC heap before
{Heap before GC invocations=37 (full 2):
 def new generation   total 15552K, used 15239K [0x50000000, 0x510e0000, 0x64d50000)
  eden space 13824K, 100% used [0x50000000, 0x50d80000, 0x50d80000)
  from space 1728K,  81% used [0x50d80000, 0x50ee1f40, 0x50f30000)
  to   space 1728K,   0% used [0x50f30000, 0x50f30000, 0x510e0000)
 tenured generation   total 34540K, used 34456K [0x64d50000, 0x66f0b000, 0x8e800000)
   the space 34540K,  99% used [0x64d50000, 0x66ef6208, 0x66ef6400, 0x66f0b000)
 compacting perm gen  total 15872K, used 15764K [0x8e800000, 0x8f780000, 0x92800000)
   the space 15872K,  99% used [0x8e800000, 0x8f7651a0, 0x8f765200, 0x8f780000)
    ro space 10240K,  58% used [0x92800000, 0x92de1330, 0x92de1400, 0x93200000)
    rw space 12288K,  59% used [0x93200000, 0x93916340, 0x93916400, 0x93e00000)

