# JRE version: OpenJDK Runtime Environment (7.0_79-b14) (build 1.7.0_79-b14)
# Java VM: OpenJDK Client VM (24.79-b02 mixed mode, sharing linux-x86 )
Heap
 def new generation   total 4800K, used 2623K [0x6e800000, 0x6ed30000, 0x792a0000)
  eden space 4288K,  49% used [0x6e800000, 0x6ea0ff58, 0x6ec30000)
  from space 512K,  99% used [0x6ecb0000, 0x6ed2fff8, 0x6ed30000)
  to   space 512K,   0% used [0x6ec30000, 0x6ec30000, 0x6ecb0000)
 tenured generation   total 10752K, used 6770K [0x792a0000, 0x79d20000, 0x8e800000)
   the space 10752K,  62% used [0x792a0000, 0x7993ca90, 0x7993cc00, 0x79d20000)
 compacting perm gen  total 13824K, used 13823K [0x8e800000, 0x8f580000, 0x92800000)
   the space 13824K,  99% used [0x8e800000, 0x8f57ffc0, 0x8f580000, 0x8f580000)
    ro space 10240K,  58% used [0x92800000, 0x92de1330, 0x92de1400, 0x93200000)
    rw space 12288K,  59% used [0x93200000, 0x93916340, 0x93916400, 0x93e00000)
GC Heap History (10 events):
Event: 14.270 GC heap before
{Heap before GC invocations=50 (full 0):
 def new generation   total 4800K, used 4800K [0x6e800000, 0x6ed30000, 0x792a0000)
  eden space 4288K, 100% used [0x6e800000, 0x6ec30000, 0x6ec30000)
  from space 512K, 100% used [0x6ec30000, 0x6ecb0000, 0x6ecb0000)
  to   space 512K,   0% used [0x6ecb0000, 0x6ecb0000, 0x6ed30000)
 tenured generation   total 10752K, used 5879K [0x792a0000, 0x79d20000, 0x8e800000)
   the space 10752K,  54% used [0x792a0000, 0x7985df88, 0x7985e000, 0x79d20000)
 compacting perm gen  total 12800K, used 12786K [0x8e800000, 0x8f480000, 0x92800000)
   the space 12800K,  99% used [0x8e800000, 0x8f47c9d0, 0x8f47ca00, 0x8f480000)
    ro space 10240K,  58% used [0x92800000, 0x92de1330, 0x92de1400, 0x93200000)
    rw space 12288K,  59% used [0x93200000, 0x93916340, 0x93916400, 0x93e00000)
Event: 14.299 GC heap after
Heap after GC invocations=51 (full 0):
 def new generation   total 4800K, used 225K [0x6e800000, 0x6ed30000, 0x792a0000)
  eden space 4288K,   0% used [0x6e800000, 0x6e800000, 0x6ec30000)
  from space 512K,  44% used [0x6ecb0000, 0x6ece85c8, 0x6ed30000)
  to   space 512K,   0% used [0x6ec30000, 0x6ec30000, 0x6ecb0000)
 tenured generation   total 10752K, used 6361K [0x792a0000, 0x79d20000, 0x8e800000)
   the space 10752K,  59% used [0x792a0000, 0x798d6600, 0x798d6600, 0x79d20000)
 compacting perm gen  total 12800K, used 12786K [0x8e800000, 0x8f480000, 0x92800000)
   the space 12800K,  99% used [0x8e800000, 0x8f47c9d0, 0x8f47ca00, 0x8f480000)
    ro space 10240K,  58% used [0x92800000, 0x92de1330, 0x92de1400, 0x93200000)
    rw space 12288K,  59% used [0x93200000, 0x93916340, 0x93916400, 0x93e00000)
}
Event: 14.482 GC heap before
{Heap before GC invocations=51 (full 0):
 def new generation   total 4800K, used 4513K [0x6e800000, 0x6ed30000, 0x792a0000)
  eden space 4288K, 100% used [0x6e800000, 0x6ec30000, 0x6ec30000)
  from space 512K,  44% used [0x6ecb0000, 0x6ece85c8, 0x6ed30000)
  to   space 512K,   0% used [0x6ec30000, 0x6ec30000, 0x6ecb0000)
 tenured generation   total 10752K, used 6361K [0x792a0000, 0x79d20000, 0x8e800000)
   the space 10752K,  59% used [0x792a0000, 0x798d6600, 0x798d6600, 0x79d20000)
 compacting perm gen  total 13056K, used 12897K [0x8e800000, 0x8f4c0000, 0x92800000)
   the space 13056K,  98% used [0x8e800000, 0x8f498690, 0x8f498800, 0x8f4c0000)
    ro space 10240K,  58% used [0x92800000, 0x92de1330, 0x92de1400, 0x93200000)
    rw space 12288K,  59% used [0x93200000, 0x93916340, 0x93916400, 0x93e00000)
Event: 14.529 GC heap after
Heap after GC invocations=52 (full 0):
 def new generation   total 4800K, used 418K [0x6e800000, 0x6ed30000, 0x792a0000)
  eden space 4288K,   0% used [0x6e800000, 0x6e800000, 0x6ec30000)
  from space 512K,  81% used [0x6ec30000, 0x6ec98b90, 0x6ecb0000)
  to   space 512K,   0% used [0x6ecb0000, 0x6ecb0000, 0x6ed30000)
 tenured generation   total 10752K, used 6361K [0x792a0000, 0x79d20000, 0x8e800000)
   the space 10752K,  59% used [0x792a0000, 0x798d6600, 0x798d6600, 0x79d20000)
 compacting perm gen  total 13056K, used 12897K [0x8e800000, 0x8f4c0000, 0x92800000)
   the space 13056K,  98% used [0x8e800000, 0x8f498690, 0x8f498800, 0x8f4c0000)
    ro space 10240K,  58% used [0x92800000, 0x92de1330, 0x92de1400, 0x93200000)
    rw space 12288K,  59% used [0x93200000, 0x93916340, 0x93916400, 0x93e00000)
}
Event: 14.693 GC heap before
{Heap before GC invocations=52 (full 0):
 def new generation   total 4800K, used 4706K [0x6e800000, 0x6ed30000, 0x792a0000)
  eden space 4288K, 100% used [0x6e800000, 0x6ec30000, 0x6ec30000)
  from space 512K,  81% used [0x6ec30000, 0x6ec98b90, 0x6ecb0000)
  to   space 512K,   0% used [0x6ecb0000, 0x6ecb0000, 0x6ed30000)
 tenured generation   total 10752K, used 6361K [0x792a0000, 0x79d20000, 0x8e800000)
   the space 10752K,  59% used [0x792a0000, 0x798d6600, 0x798d6600, 0x79d20000)
 compacting perm gen  total 13312K, used 13074K [0x8e800000, 0x8f500000, 0x92800000)
   the space 13312K,  98% used [0x8e800000, 0x8f4c4bb8, 0x8f4c4c00, 0x8f500000)
    ro space 10240K,  58% used [0x92800000, 0x92de1330, 0x92de1400, 0x93200000)
    rw space 12288K,  59% used [0x93200000, 0x93916340, 0x93916400, 0x93e00000)
Event: 14.727 GC heap after
Heap after GC invocations=53 (full 0):
 def new generation   total 4800K, used 267K [0x6e800000, 0x6ed30000, 0x792a0000)
  eden space 4288K,   0% used [0x6e800000, 0x6e800000, 0x6ec30000)
  from space 512K,  52% used [0x6ecb0000, 0x6ecf2d38, 0x6ed30000)
  to   space 512K,   0% used [0x6ec30000, 0x6ec30000, 0x6ecb0000)
 tenured generation   total 10752K, used 6575K [0x792a0000, 0x79d20000, 0x8e800000)
   the space 10752K,  61% used [0x792a0000, 0x7990be30, 0x7990c000, 0x79d20000)
 compacting perm gen  total 13312K, used 13074K [0x8e800000, 0x8f500000, 0x92800000)
   the space 13312K,  98% used [0x8e800000, 0x8f4c4bb8, 0x8f4c4c00, 0x8f500000)
    ro space 10240K,  58% used [0x92800000, 0x92de1330, 0x92de1400, 0x93200000)
    rw space 12288K,  59% used [0x93200000, 0x93916340, 0x93916400, 0x93e00000)
}
Event: 15.387 GC heap before
{Heap before GC invocations=53 (full 0):
 def new generation   total 4800K, used 4555K [0x6e800000, 0x6ed30000, 0x792a0000)
  eden space 4288K, 100% used [0x6e800000, 0x6ec30000, 0x6ec30000)
  from space 512K,  52% used [0x6ecb0000, 0x6ecf2d38, 0x6ed30000)
  to   space 512K,   0% used [0x6ec30000, 0x6ec30000, 0x6ecb0000)
 tenured generation   total 10752K, used 6575K [0x792a0000, 0x79d20000, 0x8e800000)
   the space 10752K,  61% used [0x792a0000, 0x7990be30, 0x7990c000, 0x79d20000)
 compacting perm gen  total 13568K, used 13313K [0x8e800000, 0x8f540000, 0x92800000)
   the space 13568K,  98% used [0x8e800000, 0x8f500760, 0x8f500800, 0x8f540000)
    ro space 10240K,  58% used [0x92800000, 0x92de1330, 0x92de1400, 0x93200000)
    rw space 12288K,  59% used [0x93200000, 0x93916340, 0x93916400, 0x93e00000)
Event: 15.428 GC heap after
Heap after GC invocations=54 (full 0):
 def new generation   total 4800K, used 320K [0x6e800000, 0x6ed30000, 0x792a0000)
  eden space 4288K,   0% used [0x6e800000, 0x6e800000, 0x6ec30000)
  from space 512K,  62% used [0x6ec30000, 0x6ec801c0, 0x6ecb0000)
  to   space 512K,   0% used [0x6ecb0000, 0x6ecb0000, 0x6ed30000)
 tenured generation   total 10752K, used 6591K [0x792a0000, 0x79d20000, 0x8e800000)
   the space 10752K,  61% used [0x792a0000, 0x7990fd60, 0x7990fe00, 0x79d20000)
 compacting perm gen  total 13568K, used 13313K [0x8e800000, 0x8f540000, 0x92800000)
   the space 13568K,  98% used [0x8e800000, 0x8f500760, 0x8f500800, 0x8f540000)
    ro space 10240K,  58% used [0x92800000, 0x92de1330, 0x92de1400, 0x93200000)
    rw space 12288K,  59% used [0x93200000, 0x93916340, 0x93916400, 0x93e00000)
}
Event: 16.197 GC heap before
{Heap before GC invocations=54 (full 0):
 def new generation   total 4800K, used 4608K [0x6e800000, 0x6ed30000, 0x792a0000)
  eden space 4288K, 100% used [0x6e800000, 0x6ec30000, 0x6ec30000)
  from space 512K,  62% used [0x6ec30000, 0x6ec801c0, 0x6ecb0000)
  to   space 512K,   0% used [0x6ecb0000, 0x6ecb0000, 0x6ed30000)
 tenured generation   total 10752K, used 6591K [0x792a0000, 0x79d20000, 0x8e800000)
   the space 10752K,  61% used [0x792a0000, 0x7990fd60, 0x7990fe00, 0x79d20000)
 compacting perm gen  total 13824K, used 13702K [0x8e800000, 0x8f580000, 0x92800000)
   the space 13824K,  99% used [0x8e800000, 0x8f561870, 0x8f561a00, 0x8f580000)
    ro space 10240K,  58% used [0x92800000, 0x92de1330, 0x92de1400, 0x93200000)
    rw space 12288K,  59% used [0x93200000, 0x93916340, 0x93916400, 0x93e00000)
Event: 16.219 GC heap after
Heap after GC invocations=55 (full 0):
 def new generation   total 4800K, used 511K [0x6e800000, 0x6ed30000, 0x792a0000)
  eden space 4288K,   0% used [0x6e800000, 0x6e800000, 0x6ec30000)
  from space 512K,  99% used [0x6ecb0000, 0x6ed2fff8, 0x6ed30000)
  to   space 512K,   0% used [0x6ec30000, 0x6ec30000, 0x6ecb0000)
 tenured generation   total 10752K, used 6770K [0x792a0000, 0x79d20000, 0x8e800000)
   the space 10752K,  62% used [0x792a0000, 0x7993ca90, 0x7993cc00, 0x79d20000)
 compacting perm gen  total 13824K, used 13702K [0x8e800000, 0x8f580000, 0x92800000)
   the space 13824K,  99% used [0x8e800000, 0x8f561870, 0x8f561a00, 0x8f580000)
    ro space 10240K,  58% used [0x92800000, 0x92de1330, 0x92de1400, 0x93200000)
    rw space 12288K,  59% used [0x93200000, 0x93916340, 0x93916400, 0x93e00000)
}

