# JRE version: OpenJDK Runtime Environment (7.0_79-b14) (build 1.7.0_79-b14)
# Java VM: OpenJDK Client VM (24.79-b02 mixed mode, sharing linux-x86 )
Heap
 def new generation   total 4800K, used 4023K [0x6e800000, 0x6ed30000, 0x792a0000)
  eden space 4288K,  87% used [0x6e800000, 0x6ebac2a0, 0x6ec30000)
  from space 512K,  51% used [0x6ecb0000, 0x6ecf1b38, 0x6ed30000)
  to   space 512K,   0% used [0x6ec30000, 0x6ec30000, 0x6ecb0000)
 tenured generation   total 10752K, used 7484K [0x792a0000, 0x79d20000, 0x8e800000)
   the space 10752K,  69% used [0x792a0000, 0x799ef1b0, 0x799ef200, 0x79d20000)
 compacting perm gen  total 14848K, used 14637K [0x8e800000, 0x8f680000, 0x92800000)
   the space 14848K,  98% used [0x8e800000, 0x8f64b790, 0x8f64b800, 0x8f680000)
    ro space 10240K,  58% used [0x92800000, 0x92de1330, 0x92de1400, 0x93200000)
    rw space 12288K,  59% used [0x93200000, 0x93916340, 0x93916400, 0x93e00000)
GC Heap History (10 events):
Event: 2.775 GC heap before
{Heap before GC invocations=54 (full 0):
 def new generation   total 4800K, used 4508K [0x6e800000, 0x6ed30000, 0x792a0000)
  eden space 4288K, 100% used [0x6e800000, 0x6ec30000, 0x6ec30000)
  from space 512K,  43% used [0x6ec30000, 0x6ec67110, 0x6ecb0000)
  to   space 512K,   0% used [0x6ecb0000, 0x6ecb0000, 0x6ed30000)
 tenured generation   total 10752K, used 6972K [0x792a0000, 0x79d20000, 0x8e800000)
   the space 10752K,  64% used [0x792a0000, 0x7996f3a8, 0x7996f400, 0x79d20000)
 compacting perm gen  total 13824K, used 13630K [0x8e800000, 0x8f580000, 0x92800000)
   the space 13824K,  98% used [0x8e800000, 0x8f54fbc8, 0x8f54fc00, 0x8f580000)
    ro space 10240K,  58% used [0x92800000, 0x92de1330, 0x92de1400, 0x93200000)
    rw space 12288K,  59% used [0x93200000, 0x93916340, 0x93916400, 0x93e00000)
Event: 2.777 GC heap after
Heap after GC invocations=55 (full 0):
 def new generation   total 4800K, used 512K [0x6e800000, 0x6ed30000, 0x792a0000)
  eden space 4288K,   0% used [0x6e800000, 0x6e800000, 0x6ec30000)
  from space 512K, 100% used [0x6ecb0000, 0x6ed30000, 0x6ed30000)
  to   space 512K,   0% used [0x6ec30000, 0x6ec30000, 0x6ecb0000)
 tenured generation   total 10752K, used 7128K [0x792a0000, 0x79d20000, 0x8e800000)
   the space 10752K,  66% used [0x792a0000, 0x799963d0, 0x79996400, 0x79d20000)
 compacting perm gen  total 13824K, used 13630K [0x8e800000, 0x8f580000, 0x92800000)
   the space 13824K,  98% used [0x8e800000, 0x8f54fbc8, 0x8f54fc00, 0x8f580000)
    ro space 10240K,  58% used [0x92800000, 0x92de1330, 0x92de1400, 0x93200000)
    rw space 12288K,  59% used [0x93200000, 0x93916340, 0x93916400, 0x93e00000)
}
Event: 2.835 GC heap before
{Heap before GC invocations=55 (full 0):
 def new generation   total 4800K, used 4800K [0x6e800000, 0x6ed30000, 0x792a0000)
  eden space 4288K, 100% used [0x6e800000, 0x6ec30000, 0x6ec30000)
  from space 512K, 100% used [0x6ecb0000, 0x6ed30000, 0x6ed30000)
  to   space 512K,   0% used [0x6ec30000, 0x6ec30000, 0x6ecb0000)
 tenured generation   total 10752K, used 7128K [0x792a0000, 0x79d20000, 0x8e800000)
   the space 10752K,  66% used [0x792a0000, 0x799963d0, 0x79996400, 0x79d20000)
 compacting perm gen  total 14080K, used 13905K [0x8e800000, 0x8f5c0000, 0x92800000)
   the space 14080K,  98% used [0x8e800000, 0x8f5944a0, 0x8f594600, 0x8f5c0000)
    ro space 10240K,  58% used [0x92800000, 0x92de1330, 0x92de1400, 0x93200000)
    rw space 12288K,  59% used [0x93200000, 0x93916340, 0x93916400, 0x93e00000)
Event: 2.837 GC heap after
Heap after GC invocations=56 (full 0):
 def new generation   total 4800K, used 473K [0x6e800000, 0x6ed30000, 0x792a0000)
  eden space 4288K,   0% used [0x6e800000, 0x6e800000, 0x6ec30000)
  from space 512K,  92% used [0x6ec30000, 0x6eca6498, 0x6ecb0000)
  to   space 512K,   0% used [0x6ecb0000, 0x6ecb0000, 0x6ed30000)
 tenured generation   total 10752K, used 7235K [0x792a0000, 0x79d20000, 0x8e800000)
   the space 10752K,  67% used [0x792a0000, 0x799b0c38, 0x799b0e00, 0x79d20000)
 compacting perm gen  total 14080K, used 13905K [0x8e800000, 0x8f5c0000, 0x92800000)
   the space 14080K,  98% used [0x8e800000, 0x8f5944a0, 0x8f594600, 0x8f5c0000)
    ro space 10240K,  58% used [0x92800000, 0x92de1330, 0x92de1400, 0x93200000)
    rw space 12288K,  59% used [0x93200000, 0x93916340, 0x93916400, 0x93e00000)
}
Event: 2.960 GC heap before
{Heap before GC invocations=56 (full 0):
 def new generation   total 4800K, used 4761K [0x6e800000, 0x6ed30000, 0x792a0000)
  eden space 4288K, 100% used [0x6e800000, 0x6ec30000, 0x6ec30000)
  from space 512K,  92% used [0x6ec30000, 0x6eca6498, 0x6ecb0000)
  to   space 512K,   0% used [0x6ecb0000, 0x6ecb0000, 0x6ed30000)
 tenured generation   total 10752K, used 7235K [0x792a0000, 0x79d20000, 0x8e800000)
   the space 10752K,  67% used [0x792a0000, 0x799b0c38, 0x799b0e00, 0x79d20000)
 compacting perm gen  total 14336K, used 14147K [0x8e800000, 0x8f600000, 0x92800000)
   the space 14336K,  98% used [0x8e800000, 0x8f5d0e88, 0x8f5d1000, 0x8f600000)
    ro space 10240K,  58% used [0x92800000, 0x92de1330, 0x92de1400, 0x93200000)
    rw space 12288K,  59% used [0x93200000, 0x93916340, 0x93916400, 0x93e00000)
Event: 2.969 GC heap after
Heap after GC invocations=57 (full 0):
 def new generation   total 4800K, used 356K [0x6e800000, 0x6ed30000, 0x792a0000)
  eden space 4288K,   0% used [0x6e800000, 0x6e800000, 0x6ec30000)
  from space 512K,  69% used [0x6ecb0000, 0x6ed09038, 0x6ed30000)
  to   space 512K,   0% used [0x6ec30000, 0x6ec30000, 0x6ecb0000)
 tenured generation   total 10752K, used 7398K [0x792a0000, 0x79d20000, 0x8e800000)
   the space 10752K,  68% used [0x792a0000, 0x799d9ae0, 0x799d9c00, 0x79d20000)
 compacting perm gen  total 14336K, used 14147K [0x8e800000, 0x8f600000, 0x92800000)
   the space 14336K,  98% used [0x8e800000, 0x8f5d0e88, 0x8f5d1000, 0x8f600000)
    ro space 10240K,  58% used [0x92800000, 0x92de1330, 0x92de1400, 0x93200000)
    rw space 12288K,  59% used [0x93200000, 0x93916340, 0x93916400, 0x93e00000)
}
Event: 3.032 GC heap before
{Heap before GC invocations=57 (full 0):
 def new generation   total 4800K, used 4644K [0x6e800000, 0x6ed30000, 0x792a0000)
  eden space 4288K, 100% used [0x6e800000, 0x6ec30000, 0x6ec30000)
  from space 512K,  69% used [0x6ecb0000, 0x6ed09038, 0x6ed30000)
  to   space 512K,   0% used [0x6ec30000, 0x6ec30000, 0x6ecb0000)
 tenured generation   total 10752K, used 7398K [0x792a0000, 0x79d20000, 0x8e800000)
   the space 10752K,  68% used [0x792a0000, 0x799d9ae0, 0x799d9c00, 0x79d20000)
 compacting perm gen  total 14592K, used 14341K [0x8e800000, 0x8f640000, 0x92800000)
   the space 14592K,  98% used [0x8e800000, 0x8f601570, 0x8f601600, 0x8f640000)
    ro space 10240K,  58% used [0x92800000, 0x92de1330, 0x92de1400, 0x93200000)
    rw space 12288K,  59% used [0x93200000, 0x93916340, 0x93916400, 0x93e00000)
Event: 3.034 GC heap after
Heap after GC invocations=58 (full 0):
 def new generation   total 4800K, used 233K [0x6e800000, 0x6ed30000, 0x792a0000)
  eden space 4288K,   0% used [0x6e800000, 0x6e800000, 0x6ec30000)
  from space 512K,  45% used [0x6ec30000, 0x6ec6a628, 0x6ecb0000)
  to   space 512K,   0% used [0x6ecb0000, 0x6ecb0000, 0x6ed30000)
 tenured generation   total 10752K, used 7484K [0x792a0000, 0x79d20000, 0x8e800000)
   the space 10752K,  69% used [0x792a0000, 0x799ef1b0, 0x799ef200, 0x79d20000)
 compacting perm gen  total 14592K, used 14341K [0x8e800000, 0x8f640000, 0x92800000)
   the space 14592K,  98% used [0x8e800000, 0x8f601570, 0x8f601600, 0x8f640000)
    ro space 10240K,  58% used [0x92800000, 0x92de1330, 0x92de1400, 0x93200000)
    rw space 12288K,  59% used [0x93200000, 0x93916340, 0x93916400, 0x93e00000)
}
Event: 22.158 GC heap before
{Heap before GC invocations=58 (full 0):
 def new generation   total 4800K, used 4521K [0x6e800000, 0x6ed30000, 0x792a0000)
  eden space 4288K, 100% used [0x6e800000, 0x6ec30000, 0x6ec30000)
  from space 512K,  45% used [0x6ec30000, 0x6ec6a628, 0x6ecb0000)
  to   space 512K,   0% used [0x6ecb0000, 0x6ecb0000, 0x6ed30000)
 tenured generation   total 10752K, used 7484K [0x792a0000, 0x79d20000, 0x8e800000)
   the space 10752K,  69% used [0x792a0000, 0x799ef1b0, 0x799ef200, 0x79d20000)
 compacting perm gen  total 14592K, used 14519K [0x8e800000, 0x8f640000, 0x92800000)
   the space 14592K,  99% used [0x8e800000, 0x8f62dea8, 0x8f62e000, 0x8f640000)
    ro space 10240K,  58% used [0x92800000, 0x92de1330, 0x92de1400, 0x93200000)
    rw space 12288K,  59% used [0x93200000, 0x93916340, 0x93916400, 0x93e00000)
Event: 23.323 GC heap after
Heap after GC invocations=59 (full 0):
 def new generation   total 4800K, used 262K [0x6e800000, 0x6ed30000, 0x792a0000)
  eden space 4288K,   0% used [0x6e800000, 0x6e800000, 0x6ec30000)
  from space 512K,  51% used [0x6ecb0000, 0x6ecf1b38, 0x6ed30000)
  to   space 512K,   0% used [0x6ec30000, 0x6ec30000, 0x6ecb0000)
 tenured generation   total 10752K, used 7484K [0x792a0000, 0x79d20000, 0x8e800000)
   the space 10752K,  69% used [0x792a0000, 0x799ef1b0, 0x799ef200, 0x79d20000)
 compacting perm gen  total 14592K, used 14519K [0x8e800000, 0x8f640000, 0x92800000)
   the space 14592K,  99% used [0x8e800000, 0x8f62dea8, 0x8f62e000, 0x8f640000)
    ro space 10240K,  58% used [0x92800000, 0x92de1330, 0x92de1400, 0x93200000)
    rw space 12288K,  59% used [0x93200000, 0x93916340, 0x93916400, 0x93e00000)
}

