# JRE version: OpenJDK Runtime Environment (7.0_79-b14) (build 1.7.0_79-b14)
# Java VM: OpenJDK Server VM (24.79-b02 mixed mode, sharing linux-x86 )
Heap
 def new generation   total 4800K, used 4464K [0x4ac00000, 0x4b130000, 0x5f950000)
  eden space 4288K,  93% used [0x4ac00000, 0x4afe7930, 0x4b030000)
  from space 512K,  91% used [0x4b030000, 0x4b0a4850, 0x4b0b0000)
  to   space 512K,   0% used [0x4b0b0000, 0x4b0b0000, 0x4b130000)
 tenured generation   total 10752K, used 8058K [0x5f950000, 0x603d0000, 0x89400000)
   the space 10752K,  74% used [0x5f950000, 0x6012ebd8, 0x6012ec00, 0x603d0000)
 compacting perm gen  total 16384K, used 15488K [0x89400000, 0x8a400000, 0x91400000)
   the space 16384K,  94% used [0x89400000, 0x8a320138, 0x8a320200, 0x8a400000)
    ro space 10240K,  58% used [0x91400000, 0x919e1330, 0x919e1400, 0x91e00000)
    rw space 12288K,  63% used [0x91e00000, 0x92594100, 0x92594200, 0x92a00000)
GC Heap History (10 events):
Event: 5070.922 GC heap before
{Heap before GC invocations=61 (full 0):
 def new generation   total 4800K, used 4468K [0x4ac00000, 0x4b130000, 0x5f950000)
  eden space 4288K, 100% used [0x4ac00000, 0x4b030000, 0x4b030000)
  from space 512K,  35% used [0x4b0b0000, 0x4b0dd3b0, 0x4b130000)
  to   space 512K,   0% used [0x4b030000, 0x4b030000, 0x4b0b0000)
 tenured generation   total 10752K, used 8035K [0x5f950000, 0x603d0000, 0x89400000)
   the space 10752K,  74% used [0x5f950000, 0x60128e80, 0x60129000, 0x603d0000)
 compacting perm gen  total 16384K, used 15479K [0x89400000, 0x8a400000, 0x91400000)
   the space 16384K,  94% used [0x89400000, 0x8a31dc50, 0x8a31de00, 0x8a400000)
    ro space 10240K,  58% used [0x91400000, 0x919e1330, 0x919e1400, 0x91e00000)
    rw space 12288K,  63% used [0x91e00000, 0x92594100, 0x92594200, 0x92a00000)
Event: 5070.963 GC heap after
Heap after GC invocations=62 (full 0):
 def new generation   total 4800K, used 145K [0x4ac00000, 0x4b130000, 0x5f950000)
  eden space 4288K,   0% used [0x4ac00000, 0x4ac00000, 0x4b030000)
  from space 512K,  28% used [0x4b030000, 0x4b054690, 0x4b0b0000)
  to   space 512K,   0% used [0x4b0b0000, 0x4b0b0000, 0x4b130000)
 tenured generation   total 10752K, used 8035K [0x5f950000, 0x603d0000, 0x89400000)
   the space 10752K,  74% used [0x5f950000, 0x60128e80, 0x60129000, 0x603d0000)
 compacting perm gen  total 16384K, used 15479K [0x89400000, 0x8a400000, 0x91400000)
   the space 16384K,  94% used [0x89400000, 0x8a31dc50, 0x8a31de00, 0x8a400000)
    ro space 10240K,  58% used [0x91400000, 0x919e1330, 0x919e1400, 0x91e00000)
    rw space 12288K,  63% used [0x91e00000, 0x92594100, 0x92594200, 0x92a00000)
}
Event: 5902.125 GC heap before
{Heap before GC invocations=62 (full 0):
 def new generation   total 4800K, used 4433K [0x4ac00000, 0x4b130000, 0x5f950000)
  eden space 4288K, 100% used [0x4ac00000, 0x4b030000, 0x4b030000)
  from space 512K,  28% used [0x4b030000, 0x4b054690, 0x4b0b0000)
  to   space 512K,   0% used [0x4b0b0000, 0x4b0b0000, 0x4b130000)
 tenured generation   total 10752K, used 8035K [0x5f950000, 0x603d0000, 0x89400000)
   the space 10752K,  74% used [0x5f950000, 0x60128e80, 0x60129000, 0x603d0000)
 compacting perm gen  total 16384K, used 15481K [0x89400000, 0x8a400000, 0x91400000)
   the space 16384K,  94% used [0x89400000, 0x8a31e7a0, 0x8a31e800, 0x8a400000)
    ro space 10240K,  58% used [0x91400000, 0x919e1330, 0x919e1400, 0x91e00000)
    rw space 12288K,  63% used [0x91e00000, 0x92594100, 0x92594200, 0x92a00000)
Event: 5902.158 GC heap after
Heap after GC invocations=63 (full 0):
 def new generation   total 4800K, used 19K [0x4ac00000, 0x4b130000, 0x5f950000)
  eden space 4288K,   0% used [0x4ac00000, 0x4ac00000, 0x4b030000)
  from space 512K,   3% used [0x4b0b0000, 0x4b0b4f10, 0x4b130000)
  to   space 512K,   0% used [0x4b030000, 0x4b030000, 0x4b0b0000)
 tenured generation   total 10752K, used 8035K [0x5f950000, 0x603d0000, 0x89400000)
   the space 10752K,  74% used [0x5f950000, 0x60128e80, 0x60129000, 0x603d0000)
 compacting perm gen  total 16384K, used 15481K [0x89400000, 0x8a400000, 0x91400000)
   the space 16384K,  94% used [0x89400000, 0x8a31e7a0, 0x8a31e800, 0x8a400000)
    ro space 10240K,  58% used [0x91400000, 0x919e1330, 0x919e1400, 0x91e00000)
    rw space 12288K,  63% used [0x91e00000, 0x92594100, 0x92594200, 0x92a00000)
}
Event: 6415.141 GC heap before
{Heap before GC invocations=63 (full 0):
 def new generation   total 4800K, used 4307K [0x4ac00000, 0x4b130000, 0x5f950000)
  eden space 4288K, 100% used [0x4ac00000, 0x4b030000, 0x4b030000)
  from space 512K,   3% used [0x4b0b0000, 0x4b0b4f10, 0x4b130000)
  to   space 512K,   0% used [0x4b030000, 0x4b030000, 0x4b0b0000)
 tenured generation   total 10752K, used 8035K [0x5f950000, 0x603d0000, 0x89400000)
   the space 10752K,  74% used [0x5f950000, 0x60128e80, 0x60129000, 0x603d0000)
 compacting perm gen  total 16384K, used 15484K [0x89400000, 0x8a400000, 0x91400000)
   the space 16384K,  94% used [0x89400000, 0x8a31f350, 0x8a31f400, 0x8a400000)
    ro space 10240K,  58% used [0x91400000, 0x919e1330, 0x919e1400, 0x91e00000)
    rw space 12288K,  63% used [0x91e00000, 0x92594100, 0x92594200, 0x92a00000)
Event: 6416.375 GC heap after
Heap after GC invocations=64 (full 0):
 def new generation   total 4800K, used 268K [0x4ac00000, 0x4b130000, 0x5f950000)
  eden space 4288K,   0% used [0x4ac00000, 0x4ac00000, 0x4b030000)
  from space 512K,  52% used [0x4b030000, 0x4b073378, 0x4b0b0000)
  to   space 512K,   0% used [0x4b0b0000, 0x4b0b0000, 0x4b130000)
 tenured generation   total 10752K, used 8035K [0x5f950000, 0x603d0000, 0x89400000)
   the space 10752K,  74% used [0x5f950000, 0x60128e80, 0x60129000, 0x603d0000)
 compacting perm gen  total 16384K, used 15484K [0x89400000, 0x8a400000, 0x91400000)
   the space 16384K,  94% used [0x89400000, 0x8a31f350, 0x8a31f400, 0x8a400000)
    ro space 10240K,  58% used [0x91400000, 0x919e1330, 0x919e1400, 0x91e00000)
    rw space 12288K,  63% used [0x91e00000, 0x92594100, 0x92594200, 0x92a00000)
}
Event: 6869.035 GC heap before
{Heap before GC invocations=64 (full 0):
 def new generation   total 4800K, used 4556K [0x4ac00000, 0x4b130000, 0x5f950000)
  eden space 4288K,  99% used [0x4ac00000, 0x4b02ffe8, 0x4b030000)
  from space 512K,  52% used [0x4b030000, 0x4b073378, 0x4b0b0000)
  to   space 512K,   0% used [0x4b0b0000, 0x4b0b0000, 0x4b130000)
 tenured generation   total 10752K, used 8035K [0x5f950000, 0x603d0000, 0x89400000)
   the space 10752K,  74% used [0x5f950000, 0x60128e80, 0x60129000, 0x603d0000)
 compacting perm gen  total 16384K, used 15485K [0x89400000, 0x8a400000, 0x91400000)
   the space 16384K,  94% used [0x89400000, 0x8a31f5c0, 0x8a31f600, 0x8a400000)
    ro space 10240K,  58% used [0x91400000, 0x919e1330, 0x919e1400, 0x91e00000)
    rw space 12288K,  63% used [0x91e00000, 0x92594100, 0x92594200, 0x92a00000)
Event: 6869.077 GC heap after
Heap after GC invocations=65 (full 0):
 def new generation   total 4800K, used 195K [0x4ac00000, 0x4b130000, 0x5f950000)
  eden space 4288K,   0% used [0x4ac00000, 0x4ac00000, 0x4b030000)
  from space 512K,  38% used [0x4b0b0000, 0x4b0e0ee8, 0x4b130000)
  to   space 512K,   0% used [0x4b030000, 0x4b030000, 0x4b0b0000)
 tenured generation   total 10752K, used 8058K [0x5f950000, 0x603d0000, 0x89400000)
   the space 10752K,  74% used [0x5f950000, 0x6012ebd8, 0x6012ec00, 0x603d0000)
 compacting perm gen  total 16384K, used 15485K [0x89400000, 0x8a400000, 0x91400000)
   the space 16384K,  94% used [0x89400000, 0x8a31f5c0, 0x8a31f600, 0x8a400000)
    ro space 10240K,  58% used [0x91400000, 0x919e1330, 0x919e1400, 0x91e00000)
    rw space 12288K,  63% used [0x91e00000, 0x92594100, 0x92594200, 0x92a00000)
}
Event: 6899.538 GC heap before
{Heap before GC invocations=65 (full 0):
 def new generation   total 4800K, used 4480K [0x4ac00000, 0x4b130000, 0x5f950000)
  eden space 4288K,  99% used [0x4ac00000, 0x4b02f410, 0x4b030000)
  from space 512K,  38% used [0x4b0b0000, 0x4b0e0ee8, 0x4b130000)
  to   space 512K,   0% used [0x4b030000, 0x4b030000, 0x4b0b0000)
 tenured generation   total 10752K, used 8058K [0x5f950000, 0x603d0000, 0x89400000)
   the space 10752K,  74% used [0x5f950000, 0x6012ebd8, 0x6012ec00, 0x603d0000)
 compacting perm gen  total 16384K, used 15486K [0x89400000, 0x8a400000, 0x91400000)
   the space 16384K,  94% used [0x89400000, 0x8a31f870, 0x8a31fa00, 0x8a400000)
    ro space 10240K,  58% used [0x91400000, 0x919e1330, 0x919e1400, 0x91e00000)
    rw space 12288K,  63% used [0x91e00000, 0x92594100, 0x92594200, 0x92a00000)
Event: 6899.549 GC heap after
Heap after GC invocations=66 (full 0):
 def new generation   total 4800K, used 466K [0x4ac00000, 0x4b130000, 0x5f950000)
  eden space 4288K,   0% used [0x4ac00000, 0x4ac00000, 0x4b030000)
  from space 512K,  91% used [0x4b030000, 0x4b0a4850, 0x4b0b0000)
  to   space 512K,   0% used [0x4b0b0000, 0x4b0b0000, 0x4b130000)
 tenured generation   total 10752K, used 8058K [0x5f950000, 0x603d0000, 0x89400000)
   the space 10752K,  74% used [0x5f950000, 0x6012ebd8, 0x6012ec00, 0x603d0000)
 compacting perm gen  total 16384K, used 15486K [0x89400000, 0x8a400000, 0x91400000)
   the space 16384K,  94% used [0x89400000, 0x8a31f870, 0x8a31fa00, 0x8a400000)
    ro space 10240K,  58% used [0x91400000, 0x919e1330, 0x919e1400, 0x91e00000)
    rw space 12288K,  63% used [0x91e00000, 0x92594100, 0x92594200, 0x92a00000)
}

